PebblePlugin/build/outputs/apk/manifest-merger-debug-report.txt
-- Merging decision tree log ---
manifest
ADDED from AndroidManifest.xml:2:1
	xmlns:android
		ADDED from AndroidManifest.xml:2:11
	package
		ADDED from AndroidManifest.xml:3:5
		INJECTED from AndroidManifest.xml:0:0
		INJECTED from AndroidManifest.xml:0:0
	android:versionName
		ADDED from AndroidManifest.xml:5:5
	android:versionCode
		ADDED from AndroidManifest.xml:4:5
		INJECTED from AndroidManifest.xml:0:0
		INJECTED from AndroidManifest.xml:0:0
uses-sdk
ADDED from AndroidManifest.xml:7:5
	android:targetSdkVersion
		ADDED from AndroidManifest.xml:9:9
		INJECTED from AndroidManifest.xml:0:0
		INJECTED from AndroidManifest.xml:0:0
	android:minSdkVersion
		ADDED from AndroidManifest.xml:8:9
		INJECTED from AndroidManifest.xml:0:0
		INJECTED from AndroidManifest.xml:0:0
application
ADDED from AndroidManifest.xml:11:5
	android:allowBackup
		ADDED from AndroidManifest.xml:12:9
service#com.atooma.AtoomaService
ADDED from AndroidManifest.xml:13:9
	android:process
		ADDED from AndroidManifest.xml:13:58
	android:name
		ADDED from AndroidManifest.xml:13:18
receiver#com.atooma.plugin.pebble.PEBBLEReceiver
ADDED from AndroidManifest.xml:15:9
	android:name
		ADDED from AndroidManifest.xml:15:19
intent-filter#com.atooma.plugin.REGISTRATION
ADDED from AndroidManifest.xml:16:13
action#com.atooma.plugin.REGISTRATION
ADDED from AndroidManifest.xml:17:17
	android:name
		ADDED from AndroidManifest.xml:17:25
service#com.atooma.plugin.pebble.PEBBLERegister
ADDED from AndroidManifest.xml:21:9
	android:name
		ADDED from AndroidManifest.xml:21:18